# JRE version: Java(TM) SE Runtime Environment (8.0_131-b11) (build 1.8.0_131-b11)
# Java VM: Java HotSpot(TM) 64-Bit Server VM (25.131-b11 mixed mode windows-amd64 compressed oops)
Heap:
 PSYoungGen      total 194048K, used 134665K [0x00000000d5d80000, 0x00000000e2f80000, 0x0000000100000000)
  eden space 180736K, 67% used [0x00000000d5d80000,0x00000000dd4096f0,0x00000000e0e00000)
  from space 13312K, 99% used [0x00000000e2280000,0x00000000e2f790b8,0x00000000e2f80000)
  to   space 15360K, 0% used [0x00000000e1180000,0x00000000e1180000,0x00000000e2080000)
 ParOldGen       total 58368K, used 20275K [0x0000000081800000, 0x0000000085100000, 0x00000000d5d80000)
  object space 58368K, 34% used [0x0000000081800000,0x0000000082bccc70,0x0000000085100000)
 Metaspace       used 49143K, capacity 50806K, committed 50992K, reserved 1093632K
  class space    used 6380K, capacity 6667K, committed 6704K, reserved 1048576K
GC Heap History (10 events):
Event: 3.627 GC heap before
{Heap before GC invocations=8 (full 1):
 PSYoungGen      total 104960K, used 104843K [0x00000000d5d80000, 0x00000000ded00000, 0x0000000100000000)
  eden space 99328K, 100% used [0x00000000d5d80000,0x00000000dbe80000,0x00000000dbe80000)
  from space 5632K, 97% used [0x00000000de780000,0x00000000dece2f40,0x00000000ded00000)
  to   space 8192K, 0% used [0x00000000ddd00000,0x00000000ddd00000,0x00000000de500000)
 ParOldGen       total 58368K, used 6933K [0x0000000081800000, 0x0000000085100000, 0x00000000d5d80000)
  object space 58368K, 11% used [0x0000000081800000,0x0000000081ec54a0,0x0000000085100000)
 Metaspace       used 27317K, capacity 28328K, committed 28592K, reserved 1075200K
  class space    used 3520K, capacity 3722K, committed 3760K, reserved 1048576K
Event: 3.635 GC heap after
Heap after GC invocations=8 (full 1):
 PSYoungGen      total 138752K, used 7709K [0x00000000d5d80000, 0x00000000dfd80000, 0x0000000100000000)
  eden space 130560K, 0% used [0x00000000d5d80000,0x00000000d5d80000,0x00000000ddd00000)
  from space 8192K, 94% used [0x00000000ddd00000,0x00000000de487528,0x00000000de500000)
  to   space 8704K, 0% used [0x00000000df500000,0x00000000df500000,0x00000000dfd80000)
 ParOldGen       total 58368K, used 6941K [0x0000000081800000, 0x0000000085100000, 0x00000000d5d80000)
  object space 58368K, 11% used [0x0000000081800000,0x0000000081ec74a0,0x0000000085100000)
 Metaspace       used 27317K, capacity 28328K, committed 28592K, reserved 1075200K
  class space    used 3520K, capacity 3722K, committed 3760K, reserved 1048576K
}
Event: 5.424 GC heap before
{Heap before GC invocations=9 (full 1):
 PSYoungGen      total 138752K, used 138269K [0x00000000d5d80000, 0x00000000dfd80000, 0x0000000100000000)
  eden space 130560K, 100% used [0x00000000d5d80000,0x00000000ddd00000,0x00000000ddd00000)
  from space 8192K, 94% used [0x00000000ddd00000,0x00000000de487528,0x00000000de500000)
  to   space 8704K, 0% used [0x00000000df500000,0x00000000df500000,0x00000000dfd80000)
 ParOldGen       total 58368K, used 6941K [0x0000000081800000, 0x0000000085100000, 0x00000000d5d80000)
  object space 58368K, 11% used [0x0000000081800000,0x0000000081ec74a0,0x0000000085100000)
 Metaspace       used 32971K, capacity 34422K, committed 34608K, reserved 1079296K
  class space    used 4252K, capacity 4539K, committed 4656K, reserved 1048576K
Event: 5.442 GC heap after
Heap after GC invocations=9 (full 1):
 PSYoungGen      total 151040K, used 8681K [0x00000000d5d80000, 0x00000000e2d80000, 0x0000000100000000)
  eden space 142336K, 0% used [0x00000000d5d80000,0x00000000d5d80000,0x00000000de880000)
  from space 8704K, 99% used [0x00000000df500000,0x00000000dfd7a6d0,0x00000000dfd80000)
  to   space 12800K, 0% used [0x00000000de880000,0x00000000de880000,0x00000000df500000)
 ParOldGen       total 58368K, used 14441K [0x0000000081800000, 0x0000000085100000, 0x00000000d5d80000)
  object space 58368K, 24% used [0x0000000081800000,0x000000008261a5b0,0x0000000085100000)
 Metaspace       used 32971K, capacity 34422K, committed 34608K, reserved 1079296K
  class space    used 4252K, capacity 4539K, committed 4656K, reserved 1048576K
}
Event: 5.754 GC heap before
{Heap before GC invocations=10 (full 1):
 PSYoungGen      total 151040K, used 73870K [0x00000000d5d80000, 0x00000000e2d80000, 0x0000000100000000)
  eden space 142336K, 45% used [0x00000000d5d80000,0x00000000d9d291b0,0x00000000de880000)
  from space 8704K, 99% used [0x00000000df500000,0x00000000dfd7a6d0,0x00000000dfd80000)
  to   space 12800K, 0% used [0x00000000de880000,0x00000000de880000,0x00000000df500000)
 ParOldGen       total 58368K, used 14441K [0x0000000081800000, 0x0000000085100000, 0x00000000d5d80000)
  object space 58368K, 24% used [0x0000000081800000,0x000000008261a5b0,0x0000000085100000)
 Metaspace       used 33978K, capacity 35348K, committed 35496K, reserved 1081344K
  class space    used 4358K, capacity 4608K, committed 4656K, reserved 1048576K
Event: 5.773 GC heap after
Heap after GC invocations=10 (full 1):
 PSYoungGen      total 155136K, used 10079K [0x00000000d5d80000, 0x00000000e2f80000, 0x0000000100000000)
  eden space 142336K, 0% used [0x00000000d5d80000,0x00000000d5d80000,0x00000000de880000)
  from space 12800K, 78% used [0x00000000de880000,0x00000000df257d20,0x00000000df500000)
  to   space 13312K, 0% used [0x00000000e2280000,0x00000000e2280000,0x00000000e2f80000)
 ParOldGen       total 58368K, used 14449K [0x0000000081800000, 0x0000000085100000, 0x00000000d5d80000)
  object space 58368K, 24% used [0x0000000081800000,0x000000008261c5b0,0x0000000085100000)
 Metaspace       used 33978K, capacity 35348K, committed 35496K, reserved 1081344K
  class space    used 4358K, capacity 4608K, committed 4656K, reserved 1048576K
}
Event: 5.773 GC heap before
{Heap before GC invocations=11 (full 2):
 PSYoungGen      total 155136K, used 10079K [0x00000000d5d80000, 0x00000000e2f80000, 0x0000000100000000)
  eden space 142336K, 0% used [0x00000000d5d80000,0x00000000d5d80000,0x00000000de880000)
  from space 12800K, 78% used [0x00000000de880000,0x00000000df257d20,0x00000000df500000)
  to   space 13312K, 0% used [0x00000000e2280000,0x00000000e2280000,0x00000000e2f80000)
 ParOldGen       total 58368K, used 14449K [0x0000000081800000, 0x0000000085100000, 0x00000000d5d80000)
  object space 58368K, 24% used [0x0000000081800000,0x000000008261c5b0,0x0000000085100000)
 Metaspace       used 33978K, capacity 35348K, committed 35496K, reserved 1081344K
  class space    used 4358K, capacity 4608K, committed 4656K, reserved 1048576K
Event: 5.934 GC heap after
Heap after GC invocations=11 (full 2):
 PSYoungGen      total 155136K, used 0K [0x00000000d5d80000, 0x00000000e2f80000, 0x0000000100000000)
  eden space 142336K, 0% used [0x00000000d5d80000,0x00000000d5d80000,0x00000000de880000)
  from space 12800K, 0% used [0x00000000de880000,0x00000000de880000,0x00000000df500000)
  to   space 13312K, 0% used [0x00000000e2280000,0x00000000e2280000,0x00000000e2f80000)
 ParOldGen       total 58368K, used 18591K [0x0000000081800000, 0x0000000085100000, 0x00000000d5d80000)
  object space 58368K, 31% used [0x0000000081800000,0x0000000082a27d30,0x0000000085100000)
 Metaspace       used 33978K, capacity 35348K, committed 35496K, reserved 1081344K
  class space    used 4358K, capacity 4608K, committed 4656K, reserved 1048576K
}
Event: 8.376 GC heap before
{Heap before GC invocations=12 (full 2):
 PSYoungGen      total 155136K, used 142336K [0x00000000d5d80000, 0x00000000e2f80000, 0x0000000100000000)
  eden space 142336K, 100% used [0x00000000d5d80000,0x00000000de880000,0x00000000de880000)
  from space 12800K, 0% used [0x00000000de880000,0x00000000de880000,0x00000000df500000)
  to   space 13312K, 0% used [0x00000000e2280000,0x00000000e2280000,0x00000000e2f80000)
 ParOldGen       total 58368K, used 18591K [0x0000000081800000, 0x0000000085100000, 0x00000000d5d80000)
  object space 58368K, 31% used [0x0000000081800000,0x0000000082a27d30,0x0000000085100000)
 Metaspace       used 46407K, capacity 47862K, committed 48304K, reserved 1091584K
  class space    used 6029K, capacity 6313K, committed 6320K, reserved 1048576K
Event: 8.413 GC heap after
Heap after GC invocations=12 (full 2):
 PSYoungGen      total 194048K, used 13284K [0x00000000d5d80000, 0x00000000e2f80000, 0x0000000100000000)
  eden space 180736K, 0% used [0x00000000d5d80000,0x00000000d5d80000,0x00000000e0e00000)
  from space 13312K, 99% used [0x00000000e2280000,0x00000000e2f790b8,0x00000000e2f80000)
  to   space 15360K, 0% used [0x00000000e1180000,0x00000000e1180000,0x00000000e2080000)
 ParOldGen       total 58368K, used 20275K [0x0000000081800000, 0x0000000085100000, 0x00000000d5d80000)
  object space 58368K, 34% used [0x0000000081800000,0x0000000082bccc70,0x0000000085100000)
 Metaspace       used 46407K, capacity 47862K, committed 48304K, reserved 1091584K
  class space    used 6029K, capacity 6313K, committed 6320K, reserved 1048576K
}

